Arguments: 
  C:\Program Files\nodejs\node.exe C:\Users\Frederico Oliveira\AppData\Roaming\npm\node_modules\yarn\bin\yarn.js add v1.22.19yarn add --dev

PATH: 
  C:\Program Files\Common Files\Oracle\Java\javapath;C:\Program Files (x86)\Common Files\Oracle\Java\javapath;C:\WINDOWS\system32;C:\WINDOWS;C:\WINDOWS\System32\Wbem;C:\WINDOWS\System32\WindowsPowerShell\v1.0\;C:\WINDOWS\System32\OpenSSH\;C:\Program Files\Git\cmd;C:\Program Files\dotnet\;C:\ProgramData\chocolatey\bin;C:\Users\Frederico Oliveira\AppData\Roaming\nvm;C:\Program Files\nodejs;C:\Program Files\MySQL\MySQL Shell 8.0\bin\;C:\Users\Frederico Oliveira\AppData\Local\Microsoft\WindowsApps;C:\Users\Frederico Oliveira\AppData\Local\GitHubDesktop\bin;C:\Users\Frederico Oliveira\AppData\Roaming\npm;C:\Users\Frederico Oliveira\AppData\Roaming\nvm;C:\Program Files\nodejs;C:\Users\Frederico Oliveira\AppData\Local\Programs\Microsoft VS Code\bin

Yarn version: 
  1.22.19

Node version: 
  18.12.1

Platform: 
  win32 x64

Trace: 
  Error: https://registry.yarnpkg.com/v1.22.19yarn: Not found
      at params.callback [as _callback] (C:\Users\Frederico Oliveira\AppData\Roaming\npm\node_modules\yarn\lib\cli.js:66145:18)
      at self.callback (C:\Users\Frederico Oliveira\AppData\Roaming\npm\node_modules\yarn\lib\cli.js:140890:22)
      at Request.emit (node:events:513:28)
      at Request.<anonymous> (C:\Users\Frederico Oliveira\AppData\Roaming\npm\node_modules\yarn\lib\cli.js:141862:10)
      at Request.emit (node:events:513:28)
      at IncomingMessage.<anonymous> (C:\Users\Frederico Oliveira\AppData\Roaming\npm\node_modules\yarn\lib\cli.js:141784:12)
      at Object.onceWrapper (node:events:627:28)
      at IncomingMessage.emit (node:events:525:35)
      at endReadableNT (node:internal/streams/readable:1359:12)
      at process.processTicksAndRejections (node:internal/process/task_queues:82:21)

npm manifest: 
  {
    "name": "training",
    "version": "1.0.0",
    "description": "Training",
    "engines": {
      "node": ">=8.11.3"
    },
    "scripts": {
      "webpack:dev": "cross-env NODE_ENV=development wp --watch",
      "webpack:prd": "cross-env NODE_ENV=production wp",
      "compile:fonts": "node bin/Makefile compileFonts",
      "lint:js-server": "gulp lint:js-server",
      "lint:js-client": "gulp lint:js-client",
      "lint:scss": "gulp lint:scss",
      "lint": "gulp lint",
      "fix:js-server": "eslint --config .eslintrc_server.js --fix",
      "fix:js-client": "eslint --config .eslintrc_client.js --fix",
      "prettier": "prettier"
    },
    "repository": {
      "type": "git"
    },
    "author": "Daniel Anechitoaie <daniel.anechitoaie@osf-commerce.com>",
    "license": "UNLICENSED",
    "private": true,
    "devDependencies": {
      "@babel/core": "^7.6.3",
      "@babel/plugin-proposal-object-rest-spread": "^7.6.2",
      "@babel/preset-env": "^7.6.3",
      "@osf-global/linter": "^4.0.3",
      "babel-loader": "^8.0.6",
      "babel-plugin-module-resolver": "^3.1.1",
      "clean-webpack-plugin": "^1.0.0",
      "cross-env": "^5.2.0",
      "css-loader": "^1.0.1",
      "cssnano": "^4.1.10",
      "fibers": "^4.0.2",
      "fs-extra": "^7.0.1",
      "glob": "^7.1.3",
      "mini-css-extract-plugin": "^0.4.5",
      "minimatch": "^3.0.4",
      "optimize-css-assets-webpack-plugin": "^5.0.1",
      "prettier": "^1.15.3",
      "sass": "^1.24.0",
      "sass-loader": "^7.3.1",
      "terser-webpack-plugin": "^2.2.1",
      "webpack": "^4.41.0",
      "webpack-command": "^0.4.2"
    },
    "dependencies": {
      "bootstrap": "^4.3.1",
      "cleave.js": "^1.5.3",
      "css-vars-ponyfill": "^2.1.2",
      "flag-icon-css": "^2.9.0",
      "font-awesome": "^4.7.0",
      "isml-linter": "^5.22.1",
      "jquery": "^3.4.1",
      "popper.js": "^1.14.6",
      "xzoom": "^1.0.14"
    }
  }

yarn manifest: 
  No manifest

Lockfile: 
  No lockfile
